PLINK v1.90b4 64-bit (20 Mar 2017)
Options in effect:
  --bfile binary_sativas413
  --ld-window 100
  --ld-window-kb 100
  --ld-window-r2 0
  --out binary_sativas413
  --r2

Hostname: login.crane.hcc.unl.edu
Working directory: /home/frelslab/juandj/assignment_3_agro_932/largedata/RiceDiversity_44K_Genotypes_PLINK
Start time: Thu May  5 00:54:44 2022

Random number seed: 1651730084
64046 MB RAM detected; reserving 32023 MB for main workspace.
36901 variants loaded from .bim file.
413 people (0 males, 0 females, 413 ambiguous) loaded from .fam.
Ambiguous sex IDs written to binary_sativas413.nosex .
Using up to 15 threads (change this with --threads).
Before main variant filters, 413 founders and 0 nonfounders present.
Calculating allele frequencies... done.
Total genotyping rate is 0.956644.
36901 variants and 413 people pass filters and QC.
Note: No phenotypes present.
--r2 to binary_sativas413.ld ... done.

End time: Thu May  5 00:54:45 2022
